[2025-09-09 12:23:57] [INFO] Starting SharePoint Online Tenant Rename Script
[2025-09-09 12:23:58] [INFO] Current Tenant: n4k4r.sharepoint.com
[2025-09-09 12:23:58] [INFO] New Tenant: educ4teaustralia.sharepoint.com
[2025-09-09 12:23:58] [INFO] Scheduled Delay: 0 hours
[2025-09-09 12:23:58] [INFO] Checking required PowerShell modules...
[2025-09-09 12:23:58] [INFO] Microsoft.Online.SharePoint.PowerShell module is available
[2025-09-09 12:23:58] [WARNING] PnP.PowerShell is not available
[2025-09-09 12:23:58] [INFO] Installing PnP.PowerShell module...
[2025-09-09 12:26:34] [INFO] PnP.PowerShell module installed successfully
[2025-09-09 12:26:34] [INFO] Connecting to SharePoint Online...
[2025-09-09 12:26:34] [INFO] Using interactive authentication
[2025-09-09 12:27:20] [ERROR] Failed to connect to SharePoint Online: The term 'Connect-PnPOnline' is not recognized as the name of a cmdlet, function, script file, or operable program. Check the spelling of the name, or if a path was included, verify that the path is correct and try again.
[2025-09-09 12:27:20] [ERROR] Script execution failed: Failed to connect to SharePoint Online
[2025-09-09 12:27:20] [INFO] Disconnecting from SharePoint Online services...
[2025-09-09 12:27:20] [WARNING] Warning: Could not properly disconnect from services: The term 'Disconnect-PnPOnline' is not recognized as the name of a cmdlet, function, script file, or operable program. Check the spelling of the name, or if a path was included, verify that the path is correct and try again.
[2025-09-09 12:27:20] [INFO] === TENANT RENAME SUMMARY ===
[2025-09-09 12:27:20] [INFO] Start Time: 09/09/2025 12:23:57
[2025-09-09 12:27:20] [INFO] End Time: 09/09/2025 12:27:20
[2025-09-09 12:27:20] [INFO] Duration: 00:03:22.4204283
[2025-09-09 12:27:20] [INFO] Errors: 3
[2025-09-09 12:27:20] [INFO] Warnings: 2
[2025-09-09 12:27:20] [INFO] Log File: SPOTenantRename_2025-Sep-09-Tue_12-23-57_PM.log
[2025-09-09 12:27:20] [WARNING] Tenant rename process completed with errors. Check log file for details.
[2025-09-09 12:27:20] [INFO] 
[2025-09-09 12:27:20] [INFO] Need comprehensive M365 reporting? Try AdminDroid: https://admindroid.com
[2025-09-09 12:27:20] [INFO] Free trial available with detailed SharePoint and tenant management reports
