2025-09-02 15:06:42 [Info] Starting Microsoft 365 External User Audit...
2025-09-02 15:06:42 [Info] Output Path: .\AuditReports
2025-09-02 15:06:42 [Info] Step 1/7: Authenticating to Microsoft 365...
2025-09-02 15:06:42 [Info] 🔐 Initiating Microsoft 365 authentication sequence...
2025-09-02 15:06:42 [Info] Connecting to Microsoft Graph...
2025-09-02 15:06:45 [Success] ✅ Connected to Microsoft Graph as: admin@M365x22747677.onmicrosoft.com
2025-09-02 15:06:45 [Info] Connecting to SharePoint Online...
2025-09-02 15:06:45 [Info] Using SharePoint Admin URL: https://m365x22747677-admin.sharepoint.com
2025-09-02 15:06:45 [Error] Failed to authenticate to Microsoft 365 services
2025-09-02 15:06:45 [Error] Critical error during audit execution
2025-09-02 15:14:01 [Info] Starting Microsoft 365 External User Audit...
2025-09-02 15:14:01 [Info] Output Path: .\AuditReports
2025-09-02 15:14:01 [Info] Step 1/7: Authenticating to Microsoft 365...
2025-09-02 15:14:02 [Info] 🔐 Initiating Microsoft 365 authentication sequence...
2025-09-02 15:14:02 [Info] Connecting to Microsoft Graph...
2025-09-02 15:14:04 [Success] ✅ Connected to Microsoft Graph as: admin@M365x22747677.onmicrosoft.com
2025-09-02 15:14:04 [Info] Connecting to SharePoint Online...
2025-09-02 15:14:04 [Info] Using SharePoint Admin URL: https://m365x22747677-admin.sharepoint.com
2025-09-02 15:14:09 [Success] ✅ Connected to SharePoint Online: https://m365x22747677-admin.sharepoint.com
2025-09-02 15:14:09 [Info] Connecting to Exchange Online...
2025-09-02 15:14:10 [Error] Failed to authenticate to Microsoft 365 services
2025-09-02 15:14:10 [Error] Critical error during audit execution
