2025-09-04 09:52:24 [Info] Starting Microsoft 365 External User Audit...
2025-09-04 09:52:24 [Info] Output Path: .\AuditReports
2025-09-04 09:52:24 [Info] Step 1/7: Authenticating to Microsoft 365...
2025-09-04 09:52:24 [Info] 🔐 Initiating Microsoft 365 authentication sequence...
2025-09-04 09:52:24 [Info] Connecting to Microsoft Graph...
2025-09-04 09:54:26 [Success] ✅ Connected to Microsoft Graph as: 
2025-09-04 09:54:26 [Info] Connecting to SharePoint Online...
2025-09-04 09:54:26 [Info] Using SharePoint Admin URL: https://m365x22747677-admin.sharepoint.com
2025-09-04 09:55:14 [Success] ✅ Connected to SharePoint Online: https://m365x22747677-admin.sharepoint.com
2025-09-04 09:55:14 [Info] Connecting to Exchange Online...
2025-09-04 09:55:14 [Warning] Warning: Could not connect to Exchange Online. Continuing with limited functionality...
2025-09-04 09:55:14 [Warning] Exchange Online error: Unable to load DLL 'msalruntime' or one of its dependencies: The specified module could not be found. (0x8007007E) See https://aka.ms/msal-net-wam#troubleshooting
2025-09-04 09:55:14 [Success] ✅ All services connected successfully
2025-09-04 09:55:14 [Info] Step 2/7: Discovering external users...
2025-09-04 09:55:14 [Info] 🔍 Discovering external users in tenant...
2025-09-04 09:55:14 [Info] Found 0 guest users in Azure AD
2025-09-04 09:55:16 [Success] Total external users discovered: 1
2025-09-04 09:55:16 [Info] Step 3/7: Analyzing SharePoint site access...
2025-09-04 09:55:16 [Info] 📂 Analyzing SharePoint site access...
2025-09-04 09:55:42 [Warning] Error processing site: https://m365x22747677.sharepoint.com/sites/SalesPlanning
2025-09-04 09:55:44 [Success] ✅ SharePoint site analysis complete
2025-09-04 09:55:44 [Info] Step 4/7: Analyzing Microsoft Teams access...
2025-09-04 09:55:44 [Info] 👥 Analyzing Microsoft Teams access...
2025-09-04 09:55:44 [Success] ✅ Teams analysis complete
2025-09-04 09:55:44 [Info] Step 5/7: Analyzing Microsoft 365 Group memberships...
2025-09-04 09:55:44 [Info] 📊 Analyzing Microsoft 365 Group memberships...
2025-09-04 09:55:44 [Success] ✅ Microsoft 365 Groups analysis complete
2025-09-04 09:55:44 [Info] Step 6/7: Analyzing site sharing settings...
2025-09-04 09:55:44 [Info] 🔗 Analyzing site sharing settings...
2025-09-04 09:55:46 [Success] ✅ Site sharing settings analysis complete
2025-09-04 09:55:46 [Info] Step 7/7: Analyzing guest expiration...
2025-09-04 09:55:46 [Info] ⏰ Analyzing guest expiration settings...
2025-09-04 09:55:46 [Success] ✅ Guest expiration analysis complete
2025-09-04 09:55:46 [Info] 📄 Generating audit reports...
2025-09-04 09:55:46 [Success] ✅ Main report exported: .\AuditReports\ExternalUserAudit_Main_20250904_095546.csv
2025-09-04 09:55:46 [Success] ✅ Sharing settings report exported: .\AuditReports\SiteSharingSettings_20250904_095546.csv
2025-09-04 09:55:46 [Success] ✅ Guest expiration report exported: .\AuditReports\GuestExpiration_20250904_095546.csv
2025-09-04 09:55:46 [Success] ✅ Executive summary generated: .\AuditReports\ExecutiveSummary_20250904_095546.md
2025-09-04 09:55:46 [Success] ✅ All reports generated successfully
2025-09-04 09:55:46 [Info] Disconnecting from Microsoft 365 services...
